#
# There is insufficient memory for the Java Runtime Environment to continue.
# Native memory allocation (malloc) failed to allocate 32744 bytes for ChunkPool::allocate
# Possible reasons:
#   The system is out of physical RAM or swap space
#   The process is running with CompressedOops enabled, and the Java Heap may be blocking the growth of the native heap
# Possible solutions:
#   Reduce memory load on the system
#   Increase physical memory or swap space
#   Check if swap backing store is full
#   Decrease Java heap size (-Xmx/-Xms)
#   Decrease number of Java threads
#   Decrease Java thread stack sizes (-Xss)
#   Set larger code cache with -XX:ReservedCodeCacheSize=
#   JVM is running with Unscaled Compressed Oops mode in which the Java heap is
#     placed in the first 4GB address space. The Java Heap base address is the
#     maximum limit for the native heap growth. Please use -XX:HeapBaseMinAddress
#     to set the Java Heap base and to place the Java Heap above 4GB virtual address.
# This output file may be truncated or incomplete.
#
#  Out of Memory Error (allocation.cpp:272), pid=7432, tid=0x00000000000012f4
#
# JRE version: OpenJDK Runtime Environment (8.0_202-b03) (build 1.8.0_202-release-1483-b03)
# Java VM: OpenJDK 64-Bit Server VM (25.202-b03 mixed mode windows-amd64 compressed oops)
# Failed to write core dump. Minidumps are not enabled by default on client versions of Windows
#

---------------  T H R E A D  ---------------

Current thread (0x00000000163c9000):  JavaThread "C2 CompilerThread1" daemon [_thread_in_native, id=4852, stack(0x0000000017b20000,0x0000000017c20000)]

Stack: [0x0000000017b20000,0x0000000017c20000]
[error occurred during error reporting (printing stack bounds), id 0xc0000005]

Native frames: (J=compiled Java code, j=interpreted, Vv=VM code, C=native code)


Current CompileTask:
C2:9494795 11975       4       java.io.File::equals (30 bytes)


---------------  P R O C E S S  ---------------

Java Threads: ( => current thread )
  0x000000001f5c1800 JavaThread "Cache worker for Java compile cache (D:\PROGRAMMING\Android\Circle2\.gradle\5.4.1\javaCompile)" [_thread_blocked, id=2028, stack(0x0000000025650000,0x0000000025750000)]
  0x000000001ced9000 JavaThread "Cache worker for Java compile cache (C:\Users\Lenovo\.gradle\caches\5.4.1\javaCompile)" [_thread_blocked, id=14816, stack(0x0000000025550000,0x0000000025650000)]
  0x00000000195ca000 JavaThread "stdout" [_thread_in_native, id=13800, stack(0x0000000025450000,0x0000000025550000)]
  0x000000001c9d0000 JavaThread "stderr" [_thread_in_native, id=1380, stack(0x0000000025350000,0x0000000025450000)]
  0x000000001c9d4800 JavaThread "stdout" [_thread_in_native, id=7724, stack(0x0000000025250000,0x0000000025350000)]
  0x000000001c9d1800 JavaThread "stderr" [_thread_in_native, id=10812, stack(0x0000000025150000,0x0000000025250000)]
  0x000000001c9d4000 JavaThread "stdout" [_thread_in_native, id=14616, stack(0x0000000025050000,0x0000000025150000)]
  0x000000001c9d2800 JavaThread "stderr" [_thread_in_native, id=14184, stack(0x0000000024f50000,0x0000000025050000)]
  0x000000001c9d1000 JavaThread "stdout" [_thread_in_native, id=3540, stack(0x0000000024bc0000,0x0000000024cc0000)]
  0x000000001c9d3000 JavaThread "stderr" [_thread_in_native, id=1280, stack(0x0000000024960000,0x0000000024a60000)]
  0x000000001c9cd000 JavaThread "pool-5-thread-1" [_thread_blocked, id=11284, stack(0x0000000024d50000,0x0000000024e50000)]
  0x000000001c9c8800 JavaThread "WorkerExecutor Queue Thread 4" [_thread_blocked, id=15316, stack(0x0000000024ac0000,0x0000000024bc0000)]
  0x000000001c9cb800 JavaThread "WorkerExecutor Queue Thread 3" [_thread_blocked, id=5056, stack(0x0000000024860000,0x0000000024960000)]
  0x000000001c9ce800 JavaThread "WorkerExecutor Queue Thread 2" [_thread_blocked, id=1668, stack(0x0000000024760000,0x0000000024860000)]
  0x000000001c9c9800 JavaThread "WorkerExecutor Queue" [_thread_blocked, id=10328, stack(0x0000000024660000,0x0000000024760000)]
  0x000000001c9c8000 JavaThread "Cache worker for execution history cache (D:\PROGRAMMING\Android\Circle2\.gradle\5.4.1\executionHistory)" [_thread_blocked, id=5188, stack(0x0000000024160000,0x0000000024260000)]
  0x000000001c9cb000 JavaThread "Execution worker for ':' Thread 3" [_thread_blocked, id=2132, stack(0x0000000024060000,0x0000000024160000)]
  0x000000001c9cc800 JavaThread "Execution worker for ':' Thread 2" [_thread_in_native, id=1880, stack(0x0000000023f60000,0x0000000024060000)]
  0x000000001cee4800 JavaThread "Execution worker for ':'" [_thread_blocked, id=13880, stack(0x00000000235f0000,0x00000000236f0000)]
  0x000000001cee3800 JavaThread "Cache worker for file content cache (D:\PROGRAMMING\Android\Circle2\.gradle\5.4.1\fileContent)" [_thread_blocked, id=11796, stack(0x00000000232f0000,0x00000000233f0000)]
  0x000000001cee3000 JavaThread "Cache worker for file content cache (C:\Users\Lenovo\.gradle\caches\5.4.1\fileContent)" [_thread_blocked, id=11472, stack(0x0000000022d70000,0x0000000022e70000)]
  0x000000001cedb800 JavaThread "Cache worker for Build Output Cleanup Cache (D:\PROGRAMMING\Android\Circle2\.gradle\buildOutputCleanup)" [_thread_blocked, id=14684, stack(0x00000000226e0000,0x00000000227e0000)]
  0x000000001cee2000 JavaThread "pool-4-thread-1" [_thread_blocked, id=15108, stack(0x00000000221e0000,0x00000000222e0000)]
  0x000000001ceda800 JavaThread "Build operations Thread 4" [_thread_blocked, id=14112, stack(0x0000000020b10000,0x0000000020c10000)]
  0x000000001cee1800 JavaThread "Build operations Thread 3" [_thread_blocked, id=11792, stack(0x0000000020a10000,0x0000000020b10000)]
  0x000000001cee0800 JavaThread "Build operations Thread 2" [_thread_blocked, id=6756, stack(0x0000000020910000,0x0000000020a10000)]
  0x000000001cee0000 JavaThread "Build operations" [_thread_blocked, id=13468, stack(0x0000000020810000,0x0000000020910000)]
  0x000000001ced8800 JavaThread "Cache worker for cache directory md-rule (C:\Users\Lenovo\.gradle\caches\5.4.1\md-rule)" [_thread_blocked, id=8588, stack(0x000000001ff50000,0x0000000020050000)]
  0x000000001cedf000 JavaThread "Cache worker for cache directory md-supplier (C:\Users\Lenovo\.gradle\caches\5.4.1\md-supplier)" [_thread_blocked, id=3380, stack(0x000000001ed90000,0x000000001ee90000)]
  0x000000001ced7800 JavaThread "Cache worker for file hash cache (D:\PROGRAMMING\Android\Circle2\.gradle\5.4.1\fileHashes)" [_thread_blocked, id=3660, stack(0x000000001e3f0000,0x000000001e4f0000)]
  0x000000001ceda000 JavaThread "Thread-50" [_thread_blocked, id=13456, stack(0x000000001ac80000,0x000000001ad80000)]
  0x000000001cedd800 JavaThread "Stdin handler" [_thread_blocked, id=7288, stack(0x000000001a980000,0x000000001aa80000)]
  0x000000001cedd000 JavaThread "Asynchronous log dispatcher for DefaultDaemonConnection: socket connection from /127.0.0.1:2038 to /127.0.0.1:3276" [_thread_blocked, id=13808, stack(0x000000001a880000,0x000000001a980000)]
  0x000000001cede800 JavaThread "Daemon worker Thread 3" [_thread_blocked, id=15248, stack(0x000000001a580000,0x000000001a680000)]
  0x000000001ced6000 JavaThread "Cancel handler" [_thread_blocked, id=8884, stack(0x000000001a480000,0x000000001a580000)]
  0x000000001ced5000 JavaThread "Handler for socket connection from /127.0.0.1:2038 to /127.0.0.1:3276" [_thread_in_native, id=12884, stack(0x0000000000e30000,0x0000000000f30000)]
  0x000000001cedc000 JavaThread "Daemon Thread 3" [_thread_blocked, id=4392, stack(0x0000000000d30000,0x0000000000e30000)]
  0x000000001c9ca000 JavaThread "Memory manager" [_thread_blocked, id=4200, stack(0x0000000022c70000,0x0000000022d70000)]
  0x000000001c9c6800 JavaThread "Cache worker for execution history cache (C:\Users\Lenovo\.gradle\caches\5.4.1\executionHistory)" [_thread_blocked, id=13792, stack(0x0000000020050000,0x0000000020150000)]
  0x00000000195c9000 JavaThread "Cache worker for journal cache (C:\Users\Lenovo\.gradle\caches\journal-1)" [_thread_blocked, id=6980, stack(0x000000001af80000,0x000000001b080000)]
  0x00000000195cc000 JavaThread "File lock request listener" [_thread_in_native, id=13876, stack(0x000000001ae80000,0x000000001af80000)]
  0x00000000195cb800 JavaThread "Cache worker for file hash cache (C:\Users\Lenovo\.gradle\caches\5.4.1\fileHashes)" [_thread_blocked, id=14152, stack(0x000000001ad80000,0x000000001ae80000)]
  0x000000001953a800 JavaThread "Daemon periodic checks" [_thread_blocked, id=13988, stack(0x000000001a380000,0x000000001a480000)]
  0x000000001954f800 JavaThread "Incoming local TCP Connector on port 2038" [_thread_in_native, id=13984, stack(0x000000001a130000,0x000000001a230000)]
  0x000000001948a000 JavaThread "Daemon health stats" [_thread_blocked, id=12480, stack(0x0000000019af0000,0x0000000019bf0000)]
  0x000000001641d800 JavaThread "Service Thread" daemon [_thread_blocked, id=12472, stack(0x0000000018120000,0x0000000018220000)]
  0x00000000163f4000 JavaThread "C1 CompilerThread2" daemon [_thread_blocked, id=13320, stack(0x0000000017c20000,0x0000000017d20000)]
=>0x00000000163c9000 JavaThread "C2 CompilerThread1" daemon [_thread_in_native, id=4852, stack(0x0000000017b20000,0x0000000017c20000)]
  0x00000000163c2000 JavaThread "C2 CompilerThread0" daemon [_thread_in_native, id=12280, stack(0x0000000017a20000,0x0000000017b20000)]
  0x00000000163bf800 JavaThread "Attach Listener" daemon [_thread_blocked, id=4568, stack(0x0000000017920000,0x0000000017a20000)]
  0x00000000163c6000 JavaThread "Signal Dispatcher" daemon [_thread_blocked, id=13568, stack(0x0000000017820000,0x0000000017920000)]
  0x0000000002a45000 JavaThread "Finalizer" daemon [_thread_blocked, id=4028, stack(0x0000000017610000,0x0000000017710000)]
  0x00000000163a9000 JavaThread "Reference Handler" daemon [_thread_blocked, id=14304, stack(0x0000000017510000,0x0000000017610000)]
  0x0000000000fde000 JavaThread "main" [_thread_blocked, id=13564, stack(0x0000000002850000,0x0000000002950000)]

Other Threads:
  0x0000000016385800 VMThread [stack: 0x0000000017410000,0x0000000017510000] [id=9228]
  0x0000000017d31000 WatcherThread [stack: 0x0000000018220000,0x0000000018320000] [id=14032]

VM state:not at safepoint (normal execution)

VM Mutex/Monitor currently owned by a thread: None

heap address: 0x00000000a0000000, size: 1536 MB, Compressed Oops mode: 32-bit
Narrow klass base: 0x0000000000000000, Narrow klass shift: 3
Compressed class space size: 1073741824 Address: 0x0000000100000000

Heap:
 PSYoungGen      total 262656K, used 213750K [0x00000000e0000000, 0x00000000f4900000, 0x0000000100000000)
  eden space 243200K, 83% used [0x00000000e0000000,0x00000000ec6fbd68,0x00000000eed80000)
  from space 19456K, 51% used [0x00000000eed80000,0x00000000ef741d78,0x00000000f0080000)
  to   space 19456K, 0% used [0x00000000f3600000,0x00000000f3600000,0x00000000f4900000)
 ParOldGen       total 72704K, used 34273K [0x00000000a0000000, 0x00000000a4700000, 0x00000000e0000000)
  object space 72704K, 47% used [0x00000000a0000000,0x00000000a2178690,0x00000000a4700000)
 Metaspace       used 76752K, capacity 79738K, committed 79960K, reserved 1118208K
  class space    used 9996K, capacity 10612K, committed 10624K, reserved 1048576K

Card table byte_map: [0x0000000011e10000,0x0000000012120000] byte_map_base: 0x0000000011910000

Marking Bits: (ParMarkBitMap*) 0x000000005e469f30
 Begin Bits: [0x0000000012720000, 0x0000000013f20000)
 End Bits:   [0x0000000013f20000, 0x0000000015720000)

Polling page: 0x0000000000fb0000

CodeCache: size=245760Kb used=33099Kb max_used=33779Kb free=212660Kb
 bounds [0x0000000002a50000, 0x0000000004b80000, 0x0000000011a50000]
 total_blobs=10979 nmethods=10146 adapters=743
 compilation: enabled

Compilation events (10 events):
Event: 9494.731 Thread 0x00000000163f4000 11971       3       com.sun.tools.javac.jvm.ClassReader$AnnotationDeproxy::deproxyCompound (106 bytes)
Event: 9494.736 Thread 0x00000000163f4000 nmethod 11971 0x0000000003dfe110 code [0x0000000003dfe360, 0x0000000003dff3f8]
Event: 9494.736 Thread 0x00000000163f4000 11972       3       com.sun.tools.javac.code.Attribute$Compound::<init> (16 bytes)
Event: 9494.736 Thread 0x00000000163f4000 nmethod 11972 0x000000000398c9d0 code [0x000000000398cb40, 0x000000000398cd70]
Event: 9494.736 Thread 0x00000000163f4000 11973       3       com.sun.tools.javac.util.Pair::<init> (15 bytes)
Event: 9494.737 Thread 0x00000000163f4000 nmethod 11973 0x000000000479e790 code [0x000000000479e8e0, 0x000000000479eab0]
Event: 9494.737 Thread 0x00000000163f4000 11974       1       com.sun.tools.javac.code.Type$MethodType::getReturnType (5 bytes)
Event: 9494.737 Thread 0x00000000163f4000 nmethod 11974 0x00000000047a6710 code [0x00000000047a6860, 0x00000000047a6970]
Event: 9494.742 Thread 0x00000000163c9000 11975       4       java.io.File::equals (30 bytes)
Event: 9494.747 Thread 0x00000000163c2000 11976       4       java.util.concurrent.locks.AbstractQueuedSynchronizer$ConditionObject::awaitNanos (156 bytes)

GC Heap History (10 events):
Event: 15.285 GC heap before
{Heap before GC invocations=16 (full 2):
 PSYoungGen      total 141312K, used 141292K [0x00000000e0000000, 0x00000000ebf00000, 0x0000000100000000)
  eden space 132608K, 100% used [0x00000000e0000000,0x00000000e8180000,0x00000000e8180000)
  from space 8704K, 99% used [0x00000000e8180000,0x00000000e89fb310,0x00000000e8a00000)
  to   space 12800K, 0% used [0x00000000eb280000,0x00000000eb280000,0x00000000ebf00000)
 ParOldGen       total 50176K, used 23965K [0x00000000a0000000, 0x00000000a3100000, 0x00000000e0000000)
  object space 50176K, 47% used [0x00000000a0000000,0x00000000a1767618,0x00000000a3100000)
 Metaspace       used 57143K, capacity 58868K, committed 59028K, reserved 1099776K
  class space    used 7759K, capacity 8157K, committed 8192K, reserved 1048576K
Event: 15.310 GC heap after
Heap after GC invocations=16 (full 2):
 PSYoungGen      total 177664K, used 12788K [0x00000000e0000000, 0x00000000ec700000, 0x0000000100000000)
  eden space 164864K, 0% used [0x00000000e0000000,0x00000000e0000000,0x00000000ea100000)
  from space 12800K, 99% used [0x00000000eb280000,0x00000000ebefd3e8,0x00000000ebf00000)
  to   space 17920K, 0% used [0x00000000ea100000,0x00000000ea100000,0x00000000eb280000)
 ParOldGen       total 50176K, used 32538K [0x00000000a0000000, 0x00000000a3100000, 0x00000000e0000000)
  object space 50176K, 64% used [0x00000000a0000000,0x00000000a1fc6850,0x00000000a3100000)
 Metaspace       used 57143K, capacity 58868K, committed 59028K, reserved 1099776K
  class space    used 7759K, capacity 8157K, committed 8192K, reserved 1048576K
}
Event: 15.356 GC heap before
{Heap before GC invocations=17 (full 2):
 PSYoungGen      total 177664K, used 19311K [0x00000000e0000000, 0x00000000ec700000, 0x0000000100000000)
  eden space 164864K, 3% used [0x00000000e0000000,0x00000000e065e938,0x00000000ea100000)
  from space 12800K, 99% used [0x00000000eb280000,0x00000000ebefd3e8,0x00000000ebf00000)
  to   space 17920K, 0% used [0x00000000ea100000,0x00000000ea100000,0x00000000eb280000)
 ParOldGen       total 50176K, used 32538K [0x00000000a0000000, 0x00000000a3100000, 0x00000000e0000000)
  object space 50176K, 64% used [0x00000000a0000000,0x00000000a1fc6850,0x00000000a3100000)
 Metaspace       used 57330K, capacity 58976K, committed 59028K, reserved 1099776K
  class space    used 7786K, capacity 8167K, committed 8192K, reserved 1048576K
Event: 15.381 GC heap after
Heap after GC invocations=17 (full 2):
 PSYoungGen      total 182784K, used 512K [0x00000000e0000000, 0x00000000f1700000, 0x0000000100000000)
  eden space 164864K, 0% used [0x00000000e0000000,0x00000000e0000000,0x00000000ea100000)
  from space 17920K, 2% used [0x00000000ea100000,0x00000000ea180000,0x00000000eb280000)
  to   space 17920K, 0% used [0x00000000f0580000,0x00000000f0580000,0x00000000f1700000)
 ParOldGen       total 50176K, used 38010K [0x00000000a0000000, 0x00000000a3100000, 0x00000000e0000000)
  object space 50176K, 75% used [0x00000000a0000000,0x00000000a251e9c8,0x00000000a3100000)
 Metaspace       used 57330K, capacity 58976K, committed 59028K, reserved 1099776K
  class space    used 7786K, capacity 8167K, committed 8192K, reserved 1048576K
}
Event: 15.381 GC heap before
{Heap before GC invocations=18 (full 3):
 PSYoungGen      total 182784K, used 512K [0x00000000e0000000, 0x00000000f1700000, 0x0000000100000000)
  eden space 164864K, 0% used [0x00000000e0000000,0x00000000e0000000,0x00000000ea100000)
  from space 17920K, 2% used [0x00000000ea100000,0x00000000ea180000,0x00000000eb280000)
  to   space 17920K, 0% used [0x00000000f0580000,0x00000000f0580000,0x00000000f1700000)
 ParOldGen       total 50176K, used 38010K [0x00000000a0000000, 0x00000000a3100000, 0x00000000e0000000)
  object space 50176K, 75% used [0x00000000a0000000,0x00000000a251e9c8,0x00000000a3100000)
 Metaspace       used 57330K, capacity 58976K, committed 59028K, reserved 1099776K
  class space    used 7786K, capacity 8167K, committed 8192K, reserved 1048576K
Event: 15.704 GC heap after
Heap after GC invocations=18 (full 3):
 PSYoungGen      total 182784K, used 0K [0x00000000e0000000, 0x00000000f1700000, 0x0000000100000000)
  eden space 164864K, 0% used [0x00000000e0000000,0x00000000e0000000,0x00000000ea100000)
  from space 17920K, 0% used [0x00000000ea100000,0x00000000ea100000,0x00000000eb280000)
  to   space 17920K, 0% used [0x00000000f0580000,0x00000000f0580000,0x00000000f1700000)
 ParOldGen       total 72704K, used 28405K [0x00000000a0000000, 0x00000000a4700000, 0x00000000e0000000)
  object space 72704K, 39% used [0x00000000a0000000,0x00000000a1bbd580,0x00000000a4700000)
 Metaspace       used 57273K, capacity 58812K, committed 59028K, reserved 1099776K
  class space    used 7767K, capacity 8135K, committed 8192K, reserved 1048576K
}
Event: 143.230 GC heap before
{Heap before GC invocations=19 (full 3):
 PSYoungGen      total 182784K, used 164864K [0x00000000e0000000, 0x00000000f1700000, 0x0000000100000000)
  eden space 164864K, 100% used [0x00000000e0000000,0x00000000ea100000,0x00000000ea100000)
  from space 17920K, 0% used [0x00000000ea100000,0x00000000ea100000,0x00000000eb280000)
  to   space 17920K, 0% used [0x00000000f0580000,0x00000000f0580000,0x00000000f1700000)
 ParOldGen       total 72704K, used 28405K [0x00000000a0000000, 0x00000000a4700000, 0x00000000e0000000)
  object space 72704K, 39% used [0x00000000a0000000,0x00000000a1bbd580,0x00000000a4700000)
 Metaspace       used 65209K, capacity 67442K, committed 67544K, reserved 1107968K
  class space    used 8703K, capacity 9195K, committed 9216K, reserved 1048576K
Event: 143.260 GC heap after
Heap after GC invocations=19 (full 3):
 PSYoungGen      total 250368K, used 13954K [0x00000000e0000000, 0x00000000f1380000, 0x0000000100000000)
  eden space 236032K, 0% used [0x00000000e0000000,0x00000000e0000000,0x00000000ee680000)
  from space 14336K, 97% used [0x00000000f0580000,0x00000000f1320ae8,0x00000000f1380000)
  to   space 19456K, 0% used [0x00000000eed80000,0x00000000eed80000,0x00000000f0080000)
 ParOldGen       total 72704K, used 28413K [0x00000000a0000000, 0x00000000a4700000, 0x00000000e0000000)
  object space 72704K, 39% used [0x00000000a0000000,0x00000000a1bbf580,0x00000000a4700000)
 Metaspace       used 65209K, capacity 67442K, committed 67544K, reserved 1107968K
  class space    used 8703K, capacity 9195K, committed 9216K, reserved 1048576K
}
Event: 9472.416 GC heap before
{Heap before GC invocations=20 (full 3):
 PSYoungGen      total 250368K, used 249986K [0x00000000e0000000, 0x00000000f1380000, 0x0000000100000000)
  eden space 236032K, 100% used [0x00000000e0000000,0x00000000ee680000,0x00000000ee680000)
  from space 14336K, 97% used [0x00000000f0580000,0x00000000f1320ae8,0x00000000f1380000)
  to   space 19456K, 0% used [0x00000000eed80000,0x00000000eed80000,0x00000000f0080000)
 ParOldGen       total 72704K, used 28413K [0x00000000a0000000, 0x00000000a4700000, 0x00000000e0000000)
  object space 72704K, 39% used [0x00000000a0000000,0x00000000a1bbf580,0x00000000a4700000)
 Metaspace       used 69943K, capacity 72746K, committed 73048K, reserved 1112064K
  class space    used 9193K, capacity 9776K, committed 9856K, reserved 1048576K
Event: 9472.817 GC heap after
Heap after GC invocations=20 (full 3):
 PSYoungGen      total 262656K, used 9991K [0x00000000e0000000, 0x00000000f4900000, 0x0000000100000000)
  eden space 243200K, 0% used [0x00000000e0000000,0x00000000e0000000,0x00000000eed80000)
  from space 19456K, 51% used [0x00000000eed80000,0x00000000ef741d78,0x00000000f0080000)
  to   space 19456K, 0% used [0x00000000f3600000,0x00000000f3600000,0x00000000f4900000)
 ParOldGen       total 72704K, used 34273K [0x00000000a0000000, 0x00000000a4700000, 0x00000000e0000000)
  object space 72704K, 47% used [0x00000000a0000000,0x00000000a2178690,0x00000000a4700000)
 Metaspace       used 69943K, capacity 72746K, committed 73048K, reserved 1112064K
  class space    used 9193K, capacity 9776K, committed 9856K, reserved 1048576K
}

Deoptimization events (10 events):
Event: 9487.117 Thread 0x000000001c9cc800 Uncommon trap: reason=array_check action=maybe_recompile pc=0x0000000004af9584 method=java.util.ComparableTimSort.binarySort([Ljava/lang/Object;III)V @ 215
Event: 9487.129 Thread 0x000000001c9cc800 Uncommon trap: reason=array_check action=maybe_recompile pc=0x0000000004afb458 method=java.util.ComparableTimSort.binarySort([Ljava/lang/Object;III)V @ 193
Event: 9487.135 Thread 0x000000001c9cc800 Uncommon trap: reason=array_check action=maybe_recompile pc=0x0000000004afb394 method=java.util.ComparableTimSort.binarySort([Ljava/lang/Object;III)V @ 215
Event: 9487.137 Thread 0x000000001c9cc800 Uncommon trap: reason=array_check action=maybe_recompile pc=0x0000000004afb394 method=java.util.ComparableTimSort.binarySort([Ljava/lang/Object;III)V @ 215
Event: 9488.281 Thread 0x000000001c9cc800 Uncommon trap: reason=class_check action=maybe_recompile pc=0x0000000004b65a18 method=com.sun.tools.javac.util.List.prependList(Lcom/sun/tools/javac/util/List;)Lcom/sun/tools/javac/util/List; @ 1
Event: 9488.737 Thread 0x000000001c9cc800 Uncommon trap: reason=unloaded action=reinterpret pc=0x0000000004b676bc method=com.sun.tools.javac.jvm.ClassReader.readPool(I)Ljava/lang/Object; @ 413
Event: 9489.056 Thread 0x000000001c9cc800 Uncommon trap: reason=class_check action=maybe_recompile pc=0x0000000004b112bc method=com.sun.tools.javac.tree.JCTree$JCVariableDecl.accept(Lcom/sun/tools/javac/tree/JCTree$Visitor;)V @ 2
Event: 9489.102 Thread 0x000000001c9cc800 Uncommon trap: reason=class_check action=maybe_recompile pc=0x0000000004b112bc method=com.sun.tools.javac.tree.JCTree$JCVariableDecl.accept(Lcom/sun/tools/javac/tree/JCTree$Visitor;)V @ 2
Event: 9489.102 Thread 0x000000001c9cc800 Uncommon trap: reason=class_check action=maybe_recompile pc=0x0000000004b112bc method=com.sun.tools.javac.tree.JCTree$JCVariableDecl.accept(Lcom/sun/tools/javac/tree/JCTree$Visitor;)V @ 2
Event: 9489.102 Thread 0x000000001c9cc800 Uncommon trap: reason=class_check action=maybe_recompile pc=0x0000000004b112bc method=com.sun.tools.javac.tree.JCTree$JCVariableDecl.accept(Lcom/sun/tools/javac/tree/JCTree$Visitor;)V @ 2

Classes redefined (0 events):
No events

Internal exceptions (10 events):
Event: 9476.050 Thread 0x000000001c9cc800 Implicit null exception at 0x00000000048617d7 to 0x0000000004861b1d
Event: 9476.459 Thread 0x000000001c9cc800 Exception <a 'java/lang/NoSuchMethodError': <clinit>> (0x00000000e4b410c0) thrown at [D:\src\AOSP-openjdk-cygwin\jdk8u\hotspot\src\share\vm\prims\jni.cpp, line 1614]
Event: 9476.469 Thread 0x000000001c9cc800 Exception <a 'java/lang/NoSuchMethodError': <clinit>> (0x00000000e4b50fd8) thrown at [D:\src\AOSP-openjdk-cygwin\jdk8u\hotspot\src\share\vm\prims\jni.cpp, line 1614]
Event: 9476.476 Thread 0x000000001c9cc800 Exception <a 'java/lang/NoSuchMethodError': <clinit>> (0x00000000e4b6b058) thrown at [D:\src\AOSP-openjdk-cygwin\jdk8u\hotspot\src\share\vm\prims\jni.cpp, line 1614]
Event: 9476.476 Thread 0x000000001c9cc800 Exception <a 'java/lang/NoSuchMethodError': <clinit>> (0x00000000e4b6ff40) thrown at [D:\src\AOSP-openjdk-cygwin\jdk8u\hotspot\src\share\vm\prims\jni.cpp, line 1614]
Event: 9476.498 Thread 0x000000001c9cc800 Exception <a 'java/lang/NoSuchMethodError': <clinit>> (0x00000000e4b80618) thrown at [D:\src\AOSP-openjdk-cygwin\jdk8u\hotspot\src\share\vm\prims\jni.cpp, line 1614]
Event: 9478.930 Thread 0x000000001c9cc800 Exception <a 'java/lang/NoSuchMethodError': <clinit>> (0x00000000e6f6ab48) thrown at [D:\src\AOSP-openjdk-cygwin\jdk8u\hotspot\src\share\vm\prims\jni.cpp, line 1614]
Event: 9478.941 Thread 0x000000001c9cc800 Exception <a 'java/lang/NoSuchMethodError': <clinit>> (0x00000000e6f83df0) thrown at [D:\src\AOSP-openjdk-cygwin\jdk8u\hotspot\src\share\vm\prims\jni.cpp, line 1614]
Event: 9478.981 Thread 0x000000001c9cc800 Exception <a 'java/lang/NoSuchMethodError': <clinit>> (0x00000000e6f9c2a8) thrown at [D:\src\AOSP-openjdk-cygwin\jdk8u\hotspot\src\share\vm\prims\jni.cpp, line 1614]
Event: 9479.041 Thread 0x000000001c9cc800 Exception <a 'java/lang/NoSuchMethodError': <clinit>> (0x00000000e6fcde40) thrown at [D:\src\AOSP-openjdk-cygwin\jdk8u\hotspot\src\share\vm\prims\jni.cpp, line 1614]

Events (10 events):
Event: 9490.570 Thread 0x00000000163f4000 flushing nmethod 0x00000000048615d0
Event: 9490.571 Thread 0x00000000163f4000 flushing nmethod 0x0000000004867f10
Event: 9490.571 Thread 0x00000000163f4000 flushing nmethod 0x0000000004871fd0
Event: 9490.571 Thread 0x00000000163f4000 flushing nmethod 0x0000000004873410
Event: 9490.571 Thread 0x00000000163f4000 flushing nmethod 0x0000000004874410
Event: 9490.572 Thread 0x00000000163f4000 flushing nmethod 0x000000000487c0d0
Event: 9494.580 loading class com/sun/tools/javac/jvm/ClassReader$AnnotationDefaultCompleter
Event: 9494.581 loading class com/sun/tools/javac/jvm/ClassReader$AnnotationDefaultCompleter done
Event: 9494.680 loading class com/sun/tools/javac/code/Types$27
Event: 9494.680 loading class com/sun/tools/javac/code/Types$27 done


Dynamic libraries:
0x00007ff7f0e50000 - 0x00007ff7f0e81000 	C:\Program Files\Android\Android Studio\jre\bin\java.exe
0x00007ffcfd060000 - 0x00007ffcfd250000 	C:\WINDOWS\SYSTEM32\ntdll.dll
0x00007ffcfccf0000 - 0x00007ffcfcda2000 	C:\WINDOWS\System32\KERNEL32.DLL
0x00007ffcfa0c0000 - 0x00007ffcfa364000 	C:\WINDOWS\System32\KERNELBASE.dll
0x00007ffcfc4a0000 - 0x00007ffcfc543000 	C:\WINDOWS\System32\ADVAPI32.dll
0x00007ffcfb110000 - 0x00007ffcfb1ae000 	C:\WINDOWS\System32\msvcrt.dll
0x00007ffcfc370000 - 0x00007ffcfc407000 	C:\WINDOWS\System32\sechost.dll
0x00007ffcfba70000 - 0x00007ffcfbb90000 	C:\WINDOWS\System32\RPCRT4.dll
0x00007ffcfbb90000 - 0x00007ffcfbd24000 	C:\WINDOWS\System32\USER32.dll
0x00007ffcfac10000 - 0x00007ffcfac31000 	C:\WINDOWS\System32\win32u.dll
0x00007ffcfb9e0000 - 0x00007ffcfba06000 	C:\WINDOWS\System32\GDI32.dll
0x00007ffcfaf10000 - 0x00007ffcfb0a4000 	C:\WINDOWS\System32\gdi32full.dll
0x00007ffcfad90000 - 0x00007ffcfae2e000 	C:\WINDOWS\System32\msvcp_win.dll
0x00007ffcfaaf0000 - 0x00007ffcfabea000 	C:\WINDOWS\System32\ucrtbase.dll
0x00007ffce6320000 - 0x00007ffce65a4000 	C:\WINDOWS\WinSxS\amd64_microsoft.windows.common-controls_6595b64144ccf1df_6.0.18362.836_none_e6c4b943130f18ed\COMCTL32.dll
0x00007ffcfb1b0000 - 0x00007ffcfb4e6000 	C:\WINDOWS\System32\combase.dll
0x00007ffcf9ff0000 - 0x00007ffcfa070000 	C:\WINDOWS\System32\bcryptPrimitives.dll
0x00007ffcfcdc0000 - 0x00007ffcfcdee000 	C:\WINDOWS\System32\IMM32.DLL
0x000000005dbc0000 - 0x000000005dc92000 	C:\Program Files\Android\Android Studio\jre\jre\bin\msvcr100.dll
0x000000005dca0000 - 0x000000005e4e6000 	C:\Program Files\Android\Android Studio\jre\jre\bin\server\jvm.dll
0x00007ffcfc360000 - 0x00007ffcfc368000 	C:\WINDOWS\System32\PSAPI.DLL
0x00007ffcd0430000 - 0x00007ffcd0439000 	C:\WINDOWS\SYSTEM32\WSOCK32.dll
0x00007ffcfc290000 - 0x00007ffcfc2ff000 	C:\WINDOWS\System32\WS2_32.dll
0x00007ffcf7be0000 - 0x00007ffcf7c04000 	C:\WINDOWS\SYSTEM32\WINMM.dll
0x00007ffcf1b40000 - 0x00007ffcf1b4a000 	C:\WINDOWS\SYSTEM32\VERSION.dll
0x00007ffcf7bb0000 - 0x00007ffcf7bdd000 	C:\WINDOWS\SYSTEM32\WINMMBASE.dll
0x00007ffcfa070000 - 0x00007ffcfa0ba000 	C:\WINDOWS\System32\cfgmgr32.dll
0x00007ffcceec0000 - 0x00007ffcceecf000 	C:\Program Files\Android\Android Studio\jre\jre\bin\verify.dll
0x00007ffca45a0000 - 0x00007ffca45c9000 	C:\Program Files\Android\Android Studio\jre\jre\bin\java.dll
0x00007ffcce580000 - 0x00007ffcce596000 	C:\Program Files\Android\Android Studio\jre\jre\bin\zip.dll
0x00007ffcfc550000 - 0x00007ffcfcc34000 	C:\WINDOWS\System32\SHELL32.dll
0x00007ffcfb930000 - 0x00007ffcfb9d9000 	C:\WINDOWS\System32\shcore.dll
0x00007ffcfa370000 - 0x00007ffcfaaee000 	C:\WINDOWS\System32\windows.storage.dll
0x00007ffcf9fc0000 - 0x00007ffcf9fe3000 	C:\WINDOWS\System32\profapi.dll
0x00007ffcf9f50000 - 0x00007ffcf9f9a000 	C:\WINDOWS\System32\powrprof.dll
0x00007ffcf9f20000 - 0x00007ffcf9f30000 	C:\WINDOWS\System32\UMPDC.dll
0x00007ffcfba10000 - 0x00007ffcfba62000 	C:\WINDOWS\System32\shlwapi.dll
0x00007ffcf9f30000 - 0x00007ffcf9f41000 	C:\WINDOWS\System32\kernel.appcore.dll
0x00007ffcfabf0000 - 0x00007ffcfac07000 	C:\WINDOWS\System32\cryptsp.dll
0x00007ffcc7270000 - 0x00007ffcc728a000 	C:\Program Files\Android\Android Studio\jre\jre\bin\net.dll
0x00007ffcf9790000 - 0x00007ffcf97f7000 	C:\WINDOWS\system32\mswsock.dll
0x00007ffcc3970000 - 0x00007ffcc3981000 	C:\Program Files\Android\Android Studio\jre\jre\bin\nio.dll
0x00007ffca3ef0000 - 0x00007ffca3f16000 	C:\Users\Lenovo\.gradle\native\29\windows-amd64\native-platform.dll
0x00007ffcc8f40000 - 0x00007ffcc8f4d000 	C:\Program Files\Android\Android Studio\jre\jre\bin\management.dll
0x00007ffcf92a0000 - 0x00007ffcf92d3000 	C:\WINDOWS\system32\rsaenh.dll
0x00007ffcfaee0000 - 0x00007ffcfaf06000 	C:\WINDOWS\System32\bcrypt.dll
0x00007ffcf9e40000 - 0x00007ffcf9e65000 	C:\WINDOWS\SYSTEM32\USERENV.dll
0x00007ffcf9960000 - 0x00007ffcf996c000 	C:\WINDOWS\SYSTEM32\CRYPTBASE.dll
0x00007ffcf9440000 - 0x00007ffcf947a000 	C:\WINDOWS\SYSTEM32\IPHLPAPI.DLL
0x00007ffcfcdb0000 - 0x00007ffcfcdb8000 	C:\WINDOWS\System32\NSI.dll
0x00007ffcec540000 - 0x00007ffcec556000 	C:\WINDOWS\SYSTEM32\dhcpcsvc6.DLL
0x00007ffcec580000 - 0x00007ffcec59c000 	C:\WINDOWS\SYSTEM32\dhcpcsvc.DLL
0x00007ffcf94e0000 - 0x00007ffcf95ab000 	C:\WINDOWS\SYSTEM32\DNSAPI.dll

VM Arguments:
jvm_args: -Xmx1536m -Dfile.encoding=windows-1251 -Duser.country=RU -Duser.language=ru -Duser.variant 
java_command: org.gradle.launcher.daemon.bootstrap.GradleDaemon 5.4.1
java_class_path (initial): C:\Users\Lenovo\.gradle\wrapper\dists\gradle-5.4.1-all\3221gyojl5jsh0helicew7rwx\gradle-5.4.1\lib\gradle-launcher-5.4.1.jar
Launcher Type: SUN_STANDARD

Environment Variables:
CLASSPATH=;
PATH=C:\Program Files (x86)\Java\jdk1.8.0_241\bin;C:\Program Files\Git\cmd;C:\Users\Lenovo\AppData\Local\Microsoft\WindowsApps;C:\Users\Lenovo\AppData\Local\Microsoft\WindowsApps
USERNAME=Lenovo
OS=Windows_NT
PROCESSOR_IDENTIFIER=Intel64 Family 6 Model 142 Stepping 10, GenuineIntel



---------------  S Y S T E M  ---------------

OS: Windows 10.0 , 64 bit Build 18362 (10.0.18362.778)

CPU:total 4 (initial active 4) (2 cores per cpu, 2 threads per core) family 6 model 142 stepping 10, cmov, cx8, fxsr, mmx, sse, sse2, sse3, ssse3, sse4.1, sse4.2, popcnt, avx, avx2, aes, clmul, erms, 3dnowpref, lzcnt, ht, tsc, tscinvbit, bmi1, bmi2, adx

Memory: 4k page, physical 4066532k(195760k free), swap 10722400k(0k free)

vm_info: OpenJDK 64-Bit Server VM (25.202-b03) for windows-amd64 JRE (1.8.0_202-release-1483-b03), built by "builder" with MS VC++ 10.0 (VS2010)

time: Sun May 17 09:03:30 2020
timezone: RTZ 2 (зима)
elapsed time: 9494 seconds (0d 2h 38m 14s)

